<?xml version="1.0" encoding="UTF-8"?>
<!-- Generated by org.testng.reporters.JUnitReportReporter -->
<testsuite skipped="0" hostname="C812" name="seleniumTest.GoogleTestNG" tests="3" failures="0" timestamp="2021-02-19T10:21:45 IST" time="19.939" errors="0">
  <testcase name="googleTitleTest" time="6.562" classname="seleniumTest.GoogleTestNG"/>
  <system-out/>
  <testcase name="googleLogoTest" time="5.796" classname="seleniumTest.GoogleTestNG"/>
  <system-out/>
  <testcase name="gmailLinkTest" time="7.581" classname="seleniumTest.GoogleTestNG"/>
  <system-out/>
</testsuite> <!-- seleniumTest.GoogleTestNG -->
