<?xml version="1.0" encoding="UTF-8"?>
<!-- Generated by org.testng.reporters.JUnitReportReporter -->
<testsuite skipped="0" hostname="C812" name="seleniumTest.LoginUserTesting" tests="3" failures="0" timestamp="2021-02-19T13:24:17 IST" time="33.831" errors="0">
  <testcase name="standardUserLoginTest" time="9.740" classname="seleniumTest.LoginUserTesting"/>
  <system-out/>
  <testcase name="performanceGlitchUserLoginTest" time="14.674" classname="seleniumTest.LoginUserTesting"/>
  <system-out/>
  <testcase name="lockedOutUserLoginTest" time="9.417" classname="seleniumTest.LoginUserTesting"/>
  <system-out/>
</testsuite> <!-- seleniumTest.LoginUserTesting -->
