<?xml version="1.0" encoding="UTF-8"?>
<!-- Generated by org.testng.reporters.JUnitReportReporter -->
<testsuite skipped="0" hostname="C812" name="seleniumTest.standardUserPurchase" tests="1" failures="0" timestamp="2021-02-19T13:14:53 IST" time="16.371" errors="0">
  <testcase name="standardUserPurchase" time="16.371" classname="seleniumTest.standardUserPurchase"/>
  <system-out/>
</testsuite> <!-- seleniumTest.standardUserPurchase -->
