<?xml version="1.0" encoding="UTF-8"?>
<!-- Generated by org.testng.reporters.JUnitReportReporter -->
<testsuite skipped="0" hostname="C812" name="seleniumTest.errorTesting" tests="1" failures="0" timestamp="2021-02-19T10:34:52 IST" time="5.599" errors="0">
  <testcase name="errorLogin" time="5.599" classname="seleniumTest.errorTesting"/>
  <system-out/>
</testsuite> <!-- seleniumTest.errorTesting -->
