<?xml version="1.0" encoding="UTF-8"?>
<!-- Generated by org.testng.reporters.JUnitReportReporter -->
<testsuite skipped="0" hostname="C812" name="seleniumTest.testingyoutube" tests="2" failures="0" timestamp="2021-02-19T09:41:35 IST" time="0.011" errors="0">
  <testcase name="googleTitleTest" time="0.008" classname="seleniumTest.testingyoutube"/>
  <system-out/>
  <testcase name="searchTtest" time="0.003" classname="seleniumTest.testingyoutube"/>
  <system-out/>
</testsuite> <!-- seleniumTest.testingyoutube -->
